<?xml version="1.0" encoding="UTF-8"?>
<!-- Generated by org.testng.reporters.JUnitReportReporter -->
<testsuite hostname="del1-lhp-n68384" failures="0" tests="1" name="com.testdata.allure.SeleniumNewTest" time="0.100" errors="0" timestamp="2023-11-22T18:54:02 IST" skipped="0">
  <testcase classname="com.testdata.allure.SeleniumNewTest" name="logoPresenceTest" time="0.100"/>
</testsuite> <!-- com.testdata.allure.SeleniumNewTest -->
