<?xml version="1.0" encoding="UTF-8"?>
<!-- Generated by org.testng.reporters.JUnitReportReporter -->
<testsuite hostname="del1-lhp-n68384" failures="0" tests="1" name="com.testdata.allure.NewTest2" time="0.071" errors="0" timestamp="2023-11-15T13:55:04 IST" skipped="0">
  <testcase classname="com.testdata.allure.NewTest2" name="testMethod2" time="0.071"/>
</testsuite> <!-- com.testdata.allure.NewTest2 -->
